{"/Users/vasili/Desktop/backend-project-46/src/compareData.js": {"path":"/Users/vasili/Desktop/backend-project-46/src/compareData.js","statementMap":{"0":{"start":{"line":5,"column":16},"end":{"line":49,"column":1}},"1":{"start":{"line":6,"column":19},"end":{"line":6,"column":37}},"2":{"start":{"line":7,"column":19},"end":{"line":7,"column":37}},"3":{"start":{"line":9,"column":23},"end":{"line":9,"column":55}},"4":{"start":{"line":11,"column":21},"end":{"line":46,"column":6}},"5":{"start":{"line":12,"column":8},"end":{"line":18,"column":9}},"6":{"start":{"line":13,"column":12},"end":{"line":17,"column":13}},"7":{"start":{"line":19,"column":8},"end":{"line":25,"column":9}},"8":{"start":{"line":20,"column":12},"end":{"line":24,"column":13}},"9":{"start":{"line":26,"column":8},"end":{"line":32,"column":9}},"10":{"start":{"line":27,"column":12},"end":{"line":31,"column":13}},"11":{"start":{"line":33,"column":8},"end":{"line":40,"column":9}},"12":{"start":{"line":34,"column":12},"end":{"line":39,"column":13}},"13":{"start":{"line":41,"column":8},"end":{"line":45,"column":9}},"14":{"start":{"line":48,"column":4},"end":{"line":48,"column":30}}},"fnMap":{"0":{"name":"(anonymous_0)","decl":{"start":{"line":5,"column":16},"end":{"line":5,"column":17}},"loc":{"start":{"line":5,"column":44},"end":{"line":49,"column":1}},"line":5},"1":{"name":"(anonymous_1)","decl":{"start":{"line":11,"column":37},"end":{"line":11,"column":38}},"loc":{"start":{"line":11,"column":46},"end":{"line":46,"column":5}},"line":11}},"branchMap":{"0":{"loc":{"start":{"line":12,"column":8},"end":{"line":18,"column":9}},"type":"if","locations":[{"start":{"line":12,"column":8},"end":{"line":18,"column":9}},{"start":{},"end":{}}],"line":12},"1":{"loc":{"start":{"line":19,"column":8},"end":{"line":25,"column":9}},"type":"if","locations":[{"start":{"line":19,"column":8},"end":{"line":25,"column":9}},{"start":{},"end":{}}],"line":19},"2":{"loc":{"start":{"line":26,"column":8},"end":{"line":32,"column":9}},"type":"if","locations":[{"start":{"line":26,"column":8},"end":{"line":32,"column":9}},{"start":{},"end":{}}],"line":26},"3":{"loc":{"start":{"line":26,"column":12},"end":{"line":26,"column":70}},"type":"binary-expr","locations":[{"start":{"line":26,"column":12},"end":{"line":26,"column":39}},{"start":{"line":26,"column":43},"end":{"line":26,"column":70}}],"line":26},"4":{"loc":{"start":{"line":33,"column":8},"end":{"line":40,"column":9}},"type":"if","locations":[{"start":{"line":33,"column":8},"end":{"line":40,"column":9}},{"start":{},"end":{}}],"line":33}},"s":{"0":1,"1":1,"2":1,"3":1,"4":1,"5":5,"6":1,"7":4,"8":2,"9":2,"10":0,"11":2,"12":1,"13":1,"14":1},"f":{"0":1,"1":5},"b":{"0":[1,4],"1":[2,2],"2":[0,2],"3":[2,0],"4":[1,1]},"_coverageSchema":"1a1c01bbd47fc00a2c39e90264f33305004495a9","hash":"8fb4b76991a3c1e10b74527b96f8a2bf3e42c325"}
,"/Users/vasili/Desktop/backend-project-46/src/genDiff.js": {"path":"/Users/vasili/Desktop/backend-project-46/src/genDiff.js","statementMap":{"0":{"start":{"line":5,"column":16},"end":{"line":9,"column":1}},"1":{"start":{"line":6,"column":23},"end":{"line":6,"column":71}},"2":{"start":{"line":7,"column":23},"end":{"line":7,"column":71}},"3":{"start":{"line":8,"column":4},"end":{"line":8,"column":41}}},"fnMap":{"0":{"name":"(anonymous_0)","decl":{"start":{"line":5,"column":16},"end":{"line":5,"column":17}},"loc":{"start":{"line":5,"column":34},"end":{"line":9,"column":1}},"line":5}},"branchMap":{},"s":{"0":1,"1":1,"2":1,"3":1},"f":{"0":1},"b":{},"_coverageSchema":"1a1c01bbd47fc00a2c39e90264f33305004495a9","hash":"084e8b68ad22b8cc201fdaa4f22126216cda1a25"}
,"/Users/vasili/Desktop/backend-project-46/src/srips.js": {"path":"/Users/vasili/Desktop/backend-project-46/src/srips.js","statementMap":{"0":{"start":{"line":3,"column":18},"end":{"line":25,"column":1}},"1":{"start":{"line":4,"column":17},"end":{"line":4,"column":19}},"2":{"start":{"line":5,"column":4},"end":{"line":22,"column":5}},"3":{"start":{"line":5,"column":17},"end":{"line":5,"column":18}},"4":{"start":{"line":6,"column":8},"end":{"line":21,"column":9}},"5":{"start":{"line":7,"column":12},"end":{"line":7,"column":65}},"6":{"start":{"line":8,"column":12},"end":{"line":8,"column":65}},"7":{"start":{"line":12,"column":12},"end":{"line":14,"column":13}},"8":{"start":{"line":13,"column":16},"end":{"line":13,"column":68}},"9":{"start":{"line":15,"column":12},"end":{"line":17,"column":13}},"10":{"start":{"line":16,"column":16},"end":{"line":16,"column":68}},"11":{"start":{"line":18,"column":12},"end":{"line":20,"column":13}},"12":{"start":{"line":19,"column":16},"end":{"line":19,"column":68}},"13":{"start":{"line":24,"column":4},"end":{"line":24,"column":31}}},"fnMap":{"0":{"name":"(anonymous_0)","decl":{"start":{"line":3,"column":18},"end":{"line":3,"column":19}},"loc":{"start":{"line":3,"column":30},"end":{"line":25,"column":1}},"line":3}},"branchMap":{"0":{"loc":{"start":{"line":6,"column":8},"end":{"line":21,"column":9}},"type":"if","locations":[{"start":{"line":6,"column":8},"end":{"line":21,"column":9}},{"start":{"line":11,"column":13},"end":{"line":21,"column":9}}],"line":6},"1":{"loc":{"start":{"line":12,"column":12},"end":{"line":14,"column":13}},"type":"if","locations":[{"start":{"line":12,"column":12},"end":{"line":14,"column":13}},{"start":{},"end":{}}],"line":12},"2":{"loc":{"start":{"line":15,"column":12},"end":{"line":17,"column":13}},"type":"if","locations":[{"start":{"line":15,"column":12},"end":{"line":17,"column":13}},{"start":{},"end":{}}],"line":15},"3":{"loc":{"start":{"line":18,"column":12},"end":{"line":20,"column":13}},"type":"if","locations":[{"start":{"line":18,"column":12},"end":{"line":20,"column":13}},{"start":{},"end":{}}],"line":18}},"s":{"0":1,"1":1,"2":1,"3":1,"4":5,"5":1,"6":1,"7":4,"8":2,"9":4,"10":1,"11":4,"12":1,"13":1},"f":{"0":1},"b":{"0":[1,4],"1":[2,2],"2":[1,3],"3":[1,3]},"_coverageSchema":"1a1c01bbd47fc00a2c39e90264f33305004495a9","hash":"c4fb2471ee6f71e2f3011ff6c9dcfe15e14c7462"}
,"/Users/vasili/Desktop/backend-project-46/src/formats/json.js": {"path":"/Users/vasili/Desktop/backend-project-46/src/formats/json.js","statementMap":{"0":{"start":{"line":1,"column":21},"end":{"line":1,"column":96}},"1":{"start":{"line":1,"column":30},"end":{"line":1,"column":96}}},"fnMap":{"0":{"name":"(anonymous_0)","decl":{"start":{"line":1,"column":21},"end":{"line":1,"column":22}},"loc":{"start":{"line":1,"column":30},"end":{"line":1,"column":96}},"line":1}},"branchMap":{},"s":{"0":1,"1":1},"f":{"0":1},"b":{},"_coverageSchema":"1a1c01bbd47fc00a2c39e90264f33305004495a9","hash":"727df16a37c312c891005bdfd4dd18856fa7398b"}
}
