TN:
SF:src/compareData.js
FN:5,(anonymous_0)
FN:11,(anonymous_1)
FNF:2
FNH:2
FNDA:1,(anonymous_0)
FNDA:5,(anonymous_1)
DA:5,1
DA:6,1
DA:7,1
DA:9,1
DA:11,1
DA:12,5
DA:13,1
DA:19,4
DA:20,2
DA:26,2
DA:27,0
DA:33,2
DA:34,1
DA:41,1
DA:48,1
LF:15
LH:14
BRDA:12,0,0,1
BRDA:12,0,1,4
BRDA:19,1,0,2
BRDA:19,1,1,2
BRDA:26,2,0,0
BRDA:26,2,1,2
BRDA:26,3,0,2
BRDA:26,3,1,0
BRDA:33,4,0,1
BRDA:33,4,1,1
BRF:10
BRH:8
end_of_record
TN:
SF:src/genDiff.js
FN:5,(anonymous_0)
FNF:1
FNH:1
FNDA:1,(anonymous_0)
DA:5,1
DA:6,1
DA:7,1
DA:8,1
LF:4
LH:4
BRF:0
BRH:0
end_of_record
TN:
SF:src/srips.js
FN:3,(anonymous_0)
FNF:1
FNH:1
FNDA:1,(anonymous_0)
DA:3,1
DA:4,1
DA:5,1
DA:6,5
DA:7,1
DA:8,1
DA:12,4
DA:13,2
DA:15,4
DA:16,1
DA:18,4
DA:19,1
DA:24,1
LF:13
LH:13
BRDA:6,0,0,1
BRDA:6,0,1,4
BRDA:12,1,0,2
BRDA:12,1,1,2
BRDA:15,2,0,1
BRDA:15,2,1,3
BRDA:18,3,0,1
BRDA:18,3,1,3
BRF:8
BRH:8
end_of_record
TN:
SF:src/formats/json.js
FN:1,(anonymous_0)
FNF:1
FNH:1
FNDA:1,(anonymous_0)
DA:1,1
LF:1
LH:1
BRF:0
BRH:0
end_of_record
